  Board.cpp
  Main.cpp
C:\Users\a2004\OneDrive\桌面\Reversi\Reversi\Main.cpp(23,31): warning C4244: '引數': 將 'float' 轉換為 'int'，由於類型不同，可能導致資料遺失
C:\Users\a2004\OneDrive\桌面\Reversi\Reversi\Main.cpp(23,20): warning C4244: '引數': 將 'float' 轉換為 'int'，由於類型不同，可能導致資料遺失
C:\Users\a2004\OneDrive\桌面\Reversi\Reversi\Main.cpp(29,28): warning C4244: '引數': 將 'float' 轉換為 'int'，由於類型不同，可能導致資料遺失
C:\Users\a2004\OneDrive\桌面\Reversi\Reversi\Main.cpp(29,17): warning C4244: '引數': 將 'float' 轉換為 'int'，由於類型不同，可能導致資料遺失
C:\Users\a2004\OneDrive\桌面\Reversi\Reversi\Main.cpp(30,30): warning C4244: '引數': 將 'float' 轉換為 'int'，由於類型不同，可能導致資料遺失
C:\Users\a2004\OneDrive\桌面\Reversi\Reversi\Main.cpp(30,19): warning C4244: '引數': 將 'float' 轉換為 'int'，由於類型不同，可能導致資料遺失
  Mouse.cpp
C:\Users\a2004\OneDrive\桌面\Reversi\Reversi\Mouse.cpp(163,63): warning C4244: '引數': 將 'double' 轉換為 'int'，由於類型不同，可能導致資料遺失
C:\Users\a2004\OneDrive\桌面\Reversi\Reversi\Mouse.cpp(163,51): warning C4244: '引數': 將 'double' 轉換為 'int'，由於類型不同，可能導致資料遺失
C:\Users\a2004\OneDrive\桌面\Reversi\Reversi\Mouse.cpp(166,59): warning C4244: '引數': 將 'double' 轉換為 'int'，由於類型不同，可能導致資料遺失
C:\Users\a2004\OneDrive\桌面\Reversi\Reversi\Mouse.cpp(166,45): warning C4244: '引數': 將 'double' 轉換為 'int'，由於類型不同，可能導致資料遺失
C:\Users\a2004\OneDrive\桌面\Reversi\Reversi\Mouse.cpp(167,32): warning C4244: '正在初始化': 將 'double' 轉換為 'int'，由於類型不同，可能導致資料遺失
C:\Users\a2004\OneDrive\桌面\Reversi\Reversi\Mouse.cpp(170,63): warning C4244: '引數': 將 'double' 轉換為 'int'，由於類型不同，可能導致資料遺失
C:\Users\a2004\OneDrive\桌面\Reversi\Reversi\Mouse.cpp(170,51): warning C4244: '引數': 將 'double' 轉換為 'int'，由於類型不同，可能導致資料遺失
C:\Users\a2004\OneDrive\桌面\Reversi\Reversi\Mouse.cpp(173,63): warning C4244: '引數': 將 'double' 轉換為 'int'，由於類型不同，可能導致資料遺失
C:\Users\a2004\OneDrive\桌面\Reversi\Reversi\Mouse.cpp(173,51): warning C4244: '引數': 將 'double' 轉換為 'int'，由於類型不同，可能導致資料遺失
C:\Users\a2004\OneDrive\桌面\Reversi\Reversi\Mouse.cpp(176,59): warning C4244: '引數': 將 'double' 轉換為 'int'，由於類型不同，可能導致資料遺失
C:\Users\a2004\OneDrive\桌面\Reversi\Reversi\Mouse.cpp(176,45): warning C4244: '引數': 將 'double' 轉換為 'int'，由於類型不同，可能導致資料遺失
C:\Users\a2004\OneDrive\桌面\Reversi\Reversi\Mouse.cpp(177,32): warning C4244: '正在初始化': 將 'double' 轉換為 'int'，由於類型不同，可能導致資料遺失
C:\Users\a2004\OneDrive\桌面\Reversi\Reversi\Mouse.cpp(180,63): warning C4244: '引數': 將 'double' 轉換為 'int'，由於類型不同，可能導致資料遺失
C:\Users\a2004\OneDrive\桌面\Reversi\Reversi\Mouse.cpp(180,51): warning C4244: '引數': 將 'double' 轉換為 'int'，由於類型不同，可能導致資料遺失
C:\Users\a2004\OneDrive\桌面\Reversi\Reversi\Mouse.cpp(183,60): warning C4244: '引數': 將 'double' 轉換為 'int'，由於類型不同，可能導致資料遺失
C:\Users\a2004\OneDrive\桌面\Reversi\Reversi\Mouse.cpp(183,45): warning C4244: '引數': 將 'double' 轉換為 'int'，由於類型不同，可能導致資料遺失
C:\Users\a2004\OneDrive\桌面\Reversi\Reversi\Mouse.cpp(186,87): warning C4244: '引數': 將 'double' 轉換為 'int'，由於類型不同，可能導致資料遺失
C:\Users\a2004\OneDrive\桌面\Reversi\Reversi\Mouse.cpp(186,53): warning C4244: '引數': 將 'double' 轉換為 'int'，由於類型不同，可能導致資料遺失
C:\Users\a2004\OneDrive\桌面\Reversi\Reversi\Mouse.cpp(259,63): warning C4244: '引數': 將 'double' 轉換為 'int'，由於類型不同，可能導致資料遺失
C:\Users\a2004\OneDrive\桌面\Reversi\Reversi\Mouse.cpp(259,51): warning C4244: '引數': 將 'double' 轉換為 'int'，由於類型不同，可能導致資料遺失
C:\Users\a2004\OneDrive\桌面\Reversi\Reversi\Mouse.cpp(262,59): warning C4244: '引數': 將 'double' 轉換為 'int'，由於類型不同，可能導致資料遺失
C:\Users\a2004\OneDrive\桌面\Reversi\Reversi\Mouse.cpp(262,45): warning C4244: '引數': 將 'double' 轉換為 'int'，由於類型不同，可能導致資料遺失
C:\Users\a2004\OneDrive\桌面\Reversi\Reversi\Mouse.cpp(263,32): warning C4244: '正在初始化': 將 'double' 轉換為 'int'，由於類型不同，可能導致資料遺失
C:\Users\a2004\OneDrive\桌面\Reversi\Reversi\Mouse.cpp(266,63): warning C4244: '引數': 將 'double' 轉換為 'int'，由於類型不同，可能導致資料遺失
C:\Users\a2004\OneDrive\桌面\Reversi\Reversi\Mouse.cpp(266,51): warning C4244: '引數': 將 'double' 轉換為 'int'，由於類型不同，可能導致資料遺失
C:\Users\a2004\OneDrive\桌面\Reversi\Reversi\Mouse.cpp(269,63): warning C4244: '引數': 將 'double' 轉換為 'int'，由於類型不同，可能導致資料遺失
C:\Users\a2004\OneDrive\桌面\Reversi\Reversi\Mouse.cpp(269,51): warning C4244: '引數': 將 'double' 轉換為 'int'，由於類型不同，可能導致資料遺失
C:\Users\a2004\OneDrive\桌面\Reversi\Reversi\Mouse.cpp(272,59): warning C4244: '引數': 將 'double' 轉換為 'int'，由於類型不同，可能導致資料遺失
C:\Users\a2004\OneDrive\桌面\Reversi\Reversi\Mouse.cpp(272,45): warning C4244: '引數': 將 'double' 轉換為 'int'，由於類型不同，可能導致資料遺失
C:\Users\a2004\OneDrive\桌面\Reversi\Reversi\Mouse.cpp(273,32): warning C4244: '正在初始化': 將 'double' 轉換為 'int'，由於類型不同，可能導致資料遺失
C:\Users\a2004\OneDrive\桌面\Reversi\Reversi\Mouse.cpp(276,63): warning C4244: '引數': 將 'double' 轉換為 'int'，由於類型不同，可能導致資料遺失
C:\Users\a2004\OneDrive\桌面\Reversi\Reversi\Mouse.cpp(276,51): warning C4244: '引數': 將 'double' 轉換為 'int'，由於類型不同，可能導致資料遺失
C:\Users\a2004\OneDrive\桌面\Reversi\Reversi\Mouse.cpp(279,89): warning C4244: '引數': 將 'double' 轉換為 'int'，由於類型不同，可能導致資料遺失
C:\Users\a2004\OneDrive\桌面\Reversi\Reversi\Mouse.cpp(279,52): warning C4244: '引數': 將 'double' 轉換為 'int'，由於類型不同，可能導致資料遺失
  正在產生程式碼...
C:\Users\a2004\OneDrive\桌面\Reversi\Reversi\Board.cpp(20): warning C4715: 'ExtractDigits': 不是所有控制路徑都傳回值
C:\Users\a2004\OneDrive\桌面\Reversi\Reversi\Board.cpp(633): warning C4715: 'Board::CountBoard': 不是所有控制路徑都傳回值
  Reversi.vcxproj -> C:\Users\a2004\OneDrive\桌面\Reversi\Debug\Reversi.exe
