  Board.cpp
C:\Users\a2004\OneDrive\桌面\Reversi\Reversi\Board.cpp(594,16): warning C4244: 'return': 將 'short' 轉換為 'uint8_t'，由於類型不同，可能導致資料遺失
C:\Users\a2004\OneDrive\桌面\Reversi\Reversi\Board.cpp(596,16): warning C4244: 'return': 將 'short' 轉換為 'uint8_t'，由於類型不同，可能導致資料遺失
C:\Users\a2004\OneDrive\桌面\Reversi\Reversi\Board.cpp(619,162): warning C4244: '+=': 將 'double' 轉換為 'int'，由於類型不同，可能導致資料遺失
C:\Users\a2004\OneDrive\桌面\Reversi\Reversi\Board.cpp(622,106): warning C4244: '+=': 將 'double' 轉換為 'int'，由於類型不同，可能導致資料遺失
C:\Users\a2004\OneDrive\桌面\Reversi\Reversi\Board.cpp(624,106): warning C4244: '+=': 將 'double' 轉換為 'int'，由於類型不同，可能導致資料遺失
C:\Users\a2004\OneDrive\桌面\Reversi\Reversi\Board.cpp(627,108): warning C4244: '+=': 將 'double' 轉換為 'int'，由於類型不同，可能導致資料遺失
C:\Users\a2004\OneDrive\桌面\Reversi\Reversi\Board.cpp(629,108): warning C4244: '+=': 將 'double' 轉換為 'int'，由於類型不同，可能導致資料遺失
  Main.cpp
C:\Users\a2004\OneDrive\桌面\Reversi\Reversi\Main.cpp(43,85): warning C4244: '引數': 將 'double' 轉換為 'int'，由於類型不同，可能導致資料遺失
C:\Users\a2004\OneDrive\桌面\Reversi\Reversi\Main.cpp(43,48): warning C4244: '引數': 將 'double' 轉換為 'int'，由於類型不同，可能導致資料遺失
C:\Users\a2004\OneDrive\桌面\Reversi\Reversi\Main.cpp(49,28): warning C4244: '引數': 將 'float' 轉換為 'int'，由於類型不同，可能導致資料遺失
C:\Users\a2004\OneDrive\桌面\Reversi\Reversi\Main.cpp(49,17): warning C4244: '引數': 將 'float' 轉換為 'int'，由於類型不同，可能導致資料遺失
C:\Users\a2004\OneDrive\桌面\Reversi\Reversi\Main.cpp(116,80): warning C4244: '引數': 將 'short' 轉換為 'uint8_t'，由於類型不同，可能導致資料遺失
C:\Users\a2004\OneDrive\桌面\Reversi\Reversi\Main.cpp(116,72): warning C4244: '引數': 將 'short' 轉換為 'uint8_t'，由於類型不同，可能導致資料遺失
C:\Users\a2004\OneDrive\桌面\Reversi\Reversi\Main.cpp(123,80): warning C4244: '引數': 將 'short' 轉換為 'uint8_t'，由於類型不同，可能導致資料遺失
C:\Users\a2004\OneDrive\桌面\Reversi\Reversi\Main.cpp(123,72): warning C4244: '引數': 將 'short' 轉換為 'uint8_t'，由於類型不同，可能導致資料遺失
C:\Users\a2004\OneDrive\桌面\Reversi\Reversi\Main.cpp(189,40): warning C4244: '引數': 將 'float' 轉換為 'int'，由於類型不同，可能導致資料遺失
C:\Users\a2004\OneDrive\桌面\Reversi\Reversi\Main.cpp(189,29): warning C4244: '引數': 將 'float' 轉換為 'int'，由於類型不同，可能導致資料遺失
C:\Users\a2004\OneDrive\桌面\Reversi\Reversi\Main.cpp(357,85): warning C4244: '引數': 將 'double' 轉換為 'int'，由於類型不同，可能導致資料遺失
C:\Users\a2004\OneDrive\桌面\Reversi\Reversi\Main.cpp(357,48): warning C4244: '引數': 將 'double' 轉換為 'int'，由於類型不同，可能導致資料遺失
C:\Users\a2004\OneDrive\桌面\Reversi\Reversi\Main.cpp(374,16): warning C4476: 'printf' : 格式規範中有未知的類型欄位字元 'H'
C:\Users\a2004\OneDrive\桌面\Reversi\Reversi\Main.cpp(377,16): warning C4476: 'printf' : 格式規範中有未知的類型欄位字元 'H'
C:\Users\a2004\OneDrive\桌面\Reversi\Reversi\Main.cpp(378,16): warning C4778: 'printf' : 未結束的格式字串 '%0H'
C:\Users\a2004\OneDrive\桌面\Reversi\Reversi\Main.cpp(430,28): warning C4244: '引數': 將 'float' 轉換為 'int'，由於類型不同，可能導致資料遺失
C:\Users\a2004\OneDrive\桌面\Reversi\Reversi\Main.cpp(430,17): warning C4244: '引數': 將 'float' 轉換為 'int'，由於類型不同，可能導致資料遺失
  Mouse.cpp
C:\Users\a2004\OneDrive\桌面\Reversi\Reversi\Mouse.cpp(177,93): warning C4477: 'printf' : 格式字串 '%d' 需要 'int' 類型的引數，但 variadic 引數 2 的類型為 'unsigned __int64'
C:\Users\a2004\OneDrive\桌面\Reversi\Reversi\Mouse.cpp(177,93): message : 請考慮在格式字串中使用 '%zd'
C:\Users\a2004\OneDrive\桌面\Reversi\Reversi\Mouse.cpp(177,155): warning C4477: 'printf' : 格式字串 '%d' 需要 'int' 類型的引數，但 variadic 引數 2 的類型為 'unsigned __int64'
C:\Users\a2004\OneDrive\桌面\Reversi\Reversi\Mouse.cpp(177,155): message : 請考慮在格式字串中使用 '%zd'
C:\Users\a2004\OneDrive\桌面\Reversi\Reversi\Mouse.cpp(186,93): warning C4477: 'printf' : 格式字串 '%d' 需要 'int' 類型的引數，但 variadic 引數 2 的類型為 'unsigned __int64'
C:\Users\a2004\OneDrive\桌面\Reversi\Reversi\Mouse.cpp(186,93): message : 請考慮在格式字串中使用 '%zd'
C:\Users\a2004\OneDrive\桌面\Reversi\Reversi\Mouse.cpp(186,155): warning C4477: 'printf' : 格式字串 '%d' 需要 'int' 類型的引數，但 variadic 引數 2 的類型為 'unsigned __int64'
C:\Users\a2004\OneDrive\桌面\Reversi\Reversi\Mouse.cpp(186,155): message : 請考慮在格式字串中使用 '%zd'
C:\Users\a2004\OneDrive\桌面\Reversi\Reversi\Mouse.cpp(198,93): warning C4477: 'printf' : 格式字串 '%d' 需要 'int' 類型的引數，但 variadic 引數 2 的類型為 'unsigned __int64'
C:\Users\a2004\OneDrive\桌面\Reversi\Reversi\Mouse.cpp(198,93): message : 請考慮在格式字串中使用 '%zd'
C:\Users\a2004\OneDrive\桌面\Reversi\Reversi\Mouse.cpp(198,155): warning C4477: 'printf' : 格式字串 '%d' 需要 'int' 類型的引數，但 variadic 引數 2 的類型為 'unsigned __int64'
C:\Users\a2004\OneDrive\桌面\Reversi\Reversi\Mouse.cpp(198,155): message : 請考慮在格式字串中使用 '%zd'
C:\Users\a2004\OneDrive\桌面\Reversi\Reversi\Mouse.cpp(207,93): warning C4477: 'printf' : 格式字串 '%d' 需要 'int' 類型的引數，但 variadic 引數 2 的類型為 'unsigned __int64'
C:\Users\a2004\OneDrive\桌面\Reversi\Reversi\Mouse.cpp(207,93): message : 請考慮在格式字串中使用 '%zd'
C:\Users\a2004\OneDrive\桌面\Reversi\Reversi\Mouse.cpp(207,155): warning C4477: 'printf' : 格式字串 '%d' 需要 'int' 類型的引數，但 variadic 引數 2 的類型為 'unsigned __int64'
C:\Users\a2004\OneDrive\桌面\Reversi\Reversi\Mouse.cpp(207,155): message : 請考慮在格式字串中使用 '%zd'
C:\Users\a2004\OneDrive\桌面\Reversi\Reversi\Mouse.cpp(299,48): warning C4244: '正在初始化': 將 'LONG' 轉換為 'short'，由於類型不同，可能導致資料遺失
C:\Users\a2004\OneDrive\桌面\Reversi\Reversi\Mouse.cpp(300,49): warning C4244: '正在初始化': 將 'LONG' 轉換為 'short'，由於類型不同，可能導致資料遺失
C:\Users\a2004\OneDrive\桌面\Reversi\Reversi\Mouse.cpp(314,71): warning C4244: '引數': 將 'double' 轉換為 'short'，由於類型不同，可能導致資料遺失
C:\Users\a2004\OneDrive\桌面\Reversi\Reversi\Mouse.cpp(314,59): warning C4244: '引數': 將 'double' 轉換為 'short'，由於類型不同，可能導致資料遺失
C:\Users\a2004\OneDrive\桌面\Reversi\Reversi\Mouse.cpp(317,67): warning C4244: '引數': 將 'double' 轉換為 'short'，由於類型不同，可能導致資料遺失
C:\Users\a2004\OneDrive\桌面\Reversi\Reversi\Mouse.cpp(317,53): warning C4244: '引數': 將 'double' 轉換為 'short'，由於類型不同，可能導致資料遺失
C:\Users\a2004\OneDrive\桌面\Reversi\Reversi\Mouse.cpp(318,40): warning C4244: '正在初始化': 將 'double' 轉換為 'int'，由於類型不同，可能導致資料遺失
C:\Users\a2004\OneDrive\桌面\Reversi\Reversi\Mouse.cpp(321,71): warning C4244: '引數': 將 'double' 轉換為 'short'，由於類型不同，可能導致資料遺失
C:\Users\a2004\OneDrive\桌面\Reversi\Reversi\Mouse.cpp(321,59): warning C4244: '引數': 將 'double' 轉換為 'short'，由於類型不同，可能導致資料遺失
C:\Users\a2004\OneDrive\桌面\Reversi\Reversi\Mouse.cpp(324,71): warning C4244: '引數': 將 'double' 轉換為 'short'，由於類型不同，可能導致資料遺失
C:\Users\a2004\OneDrive\桌面\Reversi\Reversi\Mouse.cpp(324,59): warning C4244: '引數': 將 'double' 轉換為 'short'，由於類型不同，可能導致資料遺失
C:\Users\a2004\OneDrive\桌面\Reversi\Reversi\Mouse.cpp(327,67): warning C4244: '引數': 將 'double' 轉換為 'short'，由於類型不同，可能導致資料遺失
C:\Users\a2004\OneDrive\桌面\Reversi\Reversi\Mouse.cpp(327,53): warning C4244: '引數': 將 'double' 轉換為 'short'，由於類型不同，可能導致資料遺失
C:\Users\a2004\OneDrive\桌面\Reversi\Reversi\Mouse.cpp(328,40): warning C4244: '正在初始化': 將 'double' 轉換為 'int'，由於類型不同，可能導致資料遺失
C:\Users\a2004\OneDrive\桌面\Reversi\Reversi\Mouse.cpp(331,71): warning C4244: '引數': 將 'double' 轉換為 'short'，由於類型不同，可能導致資料遺失
C:\Users\a2004\OneDrive\桌面\Reversi\Reversi\Mouse.cpp(331,59): warning C4244: '引數': 將 'double' 轉換為 'short'，由於類型不同，可能導致資料遺失
C:\Users\a2004\OneDrive\桌面\Reversi\Reversi\Mouse.cpp(334,68): warning C4244: '引數': 將 'double' 轉換為 'short'，由於類型不同，可能導致資料遺失
C:\Users\a2004\OneDrive\桌面\Reversi\Reversi\Mouse.cpp(334,53): warning C4244: '引數': 將 'double' 轉換為 'short'，由於類型不同，可能導致資料遺失
C:\Users\a2004\OneDrive\桌面\Reversi\Reversi\Mouse.cpp(337,95): warning C4244: '引數': 將 'double' 轉換為 'short'，由於類型不同，可能導致資料遺失
C:\Users\a2004\OneDrive\桌面\Reversi\Reversi\Mouse.cpp(337,61): warning C4244: '引數': 將 'double' 轉換為 'short'，由於類型不同，可能導致資料遺失
C:\Users\a2004\OneDrive\桌面\Reversi\Reversi\Mouse.cpp(357,71): warning C4244: '引數': 將 'double' 轉換為 'short'，由於類型不同，可能導致資料遺失
C:\Users\a2004\OneDrive\桌面\Reversi\Reversi\Mouse.cpp(357,59): warning C4244: '引數': 將 'double' 轉換為 'short'，由於類型不同，可能導致資料遺失
C:\Users\a2004\OneDrive\桌面\Reversi\Reversi\Mouse.cpp(360,67): warning C4244: '引數': 將 'double' 轉換為 'short'，由於類型不同，可能導致資料遺失
C:\Users\a2004\OneDrive\桌面\Reversi\Reversi\Mouse.cpp(360,53): warning C4244: '引數': 將 'double' 轉換為 'short'，由於類型不同，可能導致資料遺失
C:\Users\a2004\OneDrive\桌面\Reversi\Reversi\Mouse.cpp(361,40): warning C4244: '正在初始化': 將 'double' 轉換為 'int'，由於類型不同，可能導致資料遺失
C:\Users\a2004\OneDrive\桌面\Reversi\Reversi\Mouse.cpp(364,71): warning C4244: '引數': 將 'double' 轉換為 'short'，由於類型不同，可能導致資料遺失
C:\Users\a2004\OneDrive\桌面\Reversi\Reversi\Mouse.cpp(364,59): warning C4244: '引數': 將 'double' 轉換為 'short'，由於類型不同，可能導致資料遺失
C:\Users\a2004\OneDrive\桌面\Reversi\Reversi\Mouse.cpp(367,71): warning C4244: '引數': 將 'double' 轉換為 'short'，由於類型不同，可能導致資料遺失
C:\Users\a2004\OneDrive\桌面\Reversi\Reversi\Mouse.cpp(367,59): warning C4244: '引數': 將 'double' 轉換為 'short'，由於類型不同，可能導致資料遺失
C:\Users\a2004\OneDrive\桌面\Reversi\Reversi\Mouse.cpp(370,67): warning C4244: '引數': 將 'double' 轉換為 'short'，由於類型不同，可能導致資料遺失
C:\Users\a2004\OneDrive\桌面\Reversi\Reversi\Mouse.cpp(370,53): warning C4244: '引數': 將 'double' 轉換為 'short'，由於類型不同，可能導致資料遺失
C:\Users\a2004\OneDrive\桌面\Reversi\Reversi\Mouse.cpp(371,40): warning C4244: '正在初始化': 將 'double' 轉換為 'int'，由於類型不同，可能導致資料遺失
C:\Users\a2004\OneDrive\桌面\Reversi\Reversi\Mouse.cpp(374,71): warning C4244: '引數': 將 'double' 轉換為 'short'，由於類型不同，可能導致資料遺失
C:\Users\a2004\OneDrive\桌面\Reversi\Reversi\Mouse.cpp(374,59): warning C4244: '引數': 將 'double' 轉換為 'short'，由於類型不同，可能導致資料遺失
C:\Users\a2004\OneDrive\桌面\Reversi\Reversi\Mouse.cpp(377,101): warning C4244: '引數': 將 'double' 轉換為 'short'，由於類型不同，可能導致資料遺失
C:\Users\a2004\OneDrive\桌面\Reversi\Reversi\Mouse.cpp(377,89): warning C4244: '引數': 將 'double' 轉換為 'short'，由於類型不同，可能導致資料遺失
C:\Users\a2004\OneDrive\桌面\Reversi\Reversi\Mouse.cpp(380,71): warning C4244: '引數': 將 'double' 轉換為 'short'，由於類型不同，可能導致資料遺失
C:\Users\a2004\OneDrive\桌面\Reversi\Reversi\Mouse.cpp(380,59): warning C4244: '引數': 將 'double' 轉換為 'short'，由於類型不同，可能導致資料遺失
C:\Users\a2004\OneDrive\桌面\Reversi\Reversi\Mouse.cpp(383,67): warning C4244: '引數': 將 'double' 轉換為 'short'，由於類型不同，可能導致資料遺失
C:\Users\a2004\OneDrive\桌面\Reversi\Reversi\Mouse.cpp(383,53): warning C4244: '引數': 將 'double' 轉換為 'short'，由於類型不同，可能導致資料遺失
C:\Users\a2004\OneDrive\桌面\Reversi\Reversi\Mouse.cpp(384,40): warning C4244: '正在初始化': 將 'double' 轉換為 'int'，由於類型不同，可能導致資料遺失
C:\Users\a2004\OneDrive\桌面\Reversi\Reversi\Mouse.cpp(387,71): warning C4244: '引數': 將 'double' 轉換為 'short'，由於類型不同，可能導致資料遺失
C:\Users\a2004\OneDrive\桌面\Reversi\Reversi\Mouse.cpp(387,59): warning C4244: '引數': 將 'double' 轉換為 'short'，由於類型不同，可能導致資料遺失
C:\Users\a2004\OneDrive\桌面\Reversi\Reversi\Mouse.cpp(390,71): warning C4244: '引數': 將 'double' 轉換為 'short'，由於類型不同，可能導致資料遺失
C:\Users\a2004\OneDrive\桌面\Reversi\Reversi\Mouse.cpp(390,59): warning C4244: '引數': 將 'double' 轉換為 'short'，由於類型不同，可能導致資料遺失
C:\Users\a2004\OneDrive\桌面\Reversi\Reversi\Mouse.cpp(393,67): warning C4244: '引數': 將 'double' 轉換為 'short'，由於類型不同，可能導致資料遺失
C:\Users\a2004\OneDrive\桌面\Reversi\Reversi\Mouse.cpp(393,53): warning C4244: '引數': 將 'double' 轉換為 'short'，由於類型不同，可能導致資料遺失
C:\Users\a2004\OneDrive\桌面\Reversi\Reversi\Mouse.cpp(394,40): warning C4244: '正在初始化': 將 'double' 轉換為 'int'，由於類型不同，可能導致資料遺失
C:\Users\a2004\OneDrive\桌面\Reversi\Reversi\Mouse.cpp(397,71): warning C4244: '引數': 將 'double' 轉換為 'short'，由於類型不同，可能導致資料遺失
C:\Users\a2004\OneDrive\桌面\Reversi\Reversi\Mouse.cpp(397,59): warning C4244: '引數': 將 'double' 轉換為 'short'，由於類型不同，可能導致資料遺失
C:\Users\a2004\OneDrive\桌面\Reversi\Reversi\Mouse.cpp(400,97): warning C4244: '引數': 將 'double' 轉換為 'short'，由於類型不同，可能導致資料遺失
C:\Users\a2004\OneDrive\桌面\Reversi\Reversi\Mouse.cpp(400,60): warning C4244: '引數': 將 'double' 轉換為 'short'，由於類型不同，可能導致資料遺失
C:\Users\a2004\OneDrive\桌面\Reversi\Reversi\Mouse.cpp(403,71): warning C4244: '引數': 將 'double' 轉換為 'short'，由於類型不同，可能導致資料遺失
C:\Users\a2004\OneDrive\桌面\Reversi\Reversi\Mouse.cpp(403,59): warning C4244: '引數': 將 'double' 轉換為 'short'，由於類型不同，可能導致資料遺失
C:\Users\a2004\OneDrive\桌面\Reversi\Reversi\Mouse.cpp(422,71): warning C4244: '引數': 將 'double' 轉換為 'short'，由於類型不同，可能導致資料遺失
C:\Users\a2004\OneDrive\桌面\Reversi\Reversi\Mouse.cpp(422,59): warning C4244: '引數': 將 'double' 轉換為 'short'，由於類型不同，可能導致資料遺失
C:\Users\a2004\OneDrive\桌面\Reversi\Reversi\Mouse.cpp(425,67): warning C4244: '引數': 將 'double' 轉換為 'short'，由於類型不同，可能導致資料遺失
C:\Users\a2004\OneDrive\桌面\Reversi\Reversi\Mouse.cpp(425,53): warning C4244: '引數': 將 'double' 轉換為 'short'，由於類型不同，可能導致資料遺失
C:\Users\a2004\OneDrive\桌面\Reversi\Reversi\Mouse.cpp(426,40): warning C4244: '正在初始化': 將 'double' 轉換為 'int'，由於類型不同，可能導致資料遺失
C:\Users\a2004\OneDrive\桌面\Reversi\Reversi\Mouse.cpp(429,71): warning C4244: '引數': 將 'double' 轉換為 'short'，由於類型不同，可能導致資料遺失
C:\Users\a2004\OneDrive\桌面\Reversi\Reversi\Mouse.cpp(429,59): warning C4244: '引數': 將 'double' 轉換為 'short'，由於類型不同，可能導致資料遺失
C:\Users\a2004\OneDrive\桌面\Reversi\Reversi\Mouse.cpp(432,71): warning C4244: '引數': 將 'double' 轉換為 'short'，由於類型不同，可能導致資料遺失
C:\Users\a2004\OneDrive\桌面\Reversi\Reversi\Mouse.cpp(432,59): warning C4244: '引數': 將 'double' 轉換為 'short'，由於類型不同，可能導致資料遺失
C:\Users\a2004\OneDrive\桌面\Reversi\Reversi\Mouse.cpp(435,67): warning C4244: '引數': 將 'double' 轉換為 'short'，由於類型不同，可能導致資料遺失
C:\Users\a2004\OneDrive\桌面\Reversi\Reversi\Mouse.cpp(435,53): warning C4244: '引數': 將 'double' 轉換為 'short'，由於類型不同，可能導致資料遺失
C:\Users\a2004\OneDrive\桌面\Reversi\Reversi\Mouse.cpp(436,40): warning C4244: '正在初始化': 將 'double' 轉換為 'int'，由於類型不同，可能導致資料遺失
C:\Users\a2004\OneDrive\桌面\Reversi\Reversi\Mouse.cpp(439,71): warning C4244: '引數': 將 'double' 轉換為 'short'，由於類型不同，可能導致資料遺失
C:\Users\a2004\OneDrive\桌面\Reversi\Reversi\Mouse.cpp(439,59): warning C4244: '引數': 將 'double' 轉換為 'short'，由於類型不同，可能導致資料遺失
C:\Users\a2004\OneDrive\桌面\Reversi\Reversi\Mouse.cpp(442,68): warning C4244: '引數': 將 'double' 轉換為 'short'，由於類型不同，可能導致資料遺失
C:\Users\a2004\OneDrive\桌面\Reversi\Reversi\Mouse.cpp(442,53): warning C4244: '引數': 將 'double' 轉換為 'short'，由於類型不同，可能導致資料遺失
C:\Users\a2004\OneDrive\桌面\Reversi\Reversi\Mouse.cpp(445,95): warning C4244: '引數': 將 'double' 轉換為 'short'，由於類型不同，可能導致資料遺失
C:\Users\a2004\OneDrive\桌面\Reversi\Reversi\Mouse.cpp(445,61): warning C4244: '引數': 將 'double' 轉換為 'short'，由於類型不同，可能導致資料遺失
  Set.cpp
  正在產生程式碼...
C:\Users\a2004\OneDrive\桌面\Reversi\Reversi\Board.cpp(25): warning C4715: 'ExtractDigits': 不是所有控制路徑都傳回值
C:\Users\a2004\OneDrive\桌面\Reversi\Reversi\Board.cpp(597): warning C4715: 'Board::CountBoard': 不是所有控制路徑都傳回值
C:\Users\a2004\OneDrive\桌面\Reversi\Reversi\Board.cpp(656): warning C4715: 'Board::AIPut': 不是所有控制路徑都傳回值
  Reversi.vcxproj -> C:\Users\a2004\OneDrive\桌面\Reversi\x64\Debug\Reversi.exe
